Terminals which are not used

   COLON
   QUOTE


Grammar

    0 $accept: object $end

    1 object: LBRACE TXT RBRACE


Terminals, with rules where they appear

$end (0) 0
error (256)
COLON (258)
LBRACE (259) 1
RBRACE (260) 1
QUOTE (261)
TXT (262) 1


Nonterminals, with rules where they appear

$accept (8)
    on left: 0
object (9)
    on left: 1, on right: 0


state 0

    0 $accept: . object $end

    LBRACE  shift, and go to state 1

    object  go to state 2


state 1

    1 object: LBRACE . TXT RBRACE

    TXT  shift, and go to state 3


state 2

    0 $accept: object . $end

    $end  shift, and go to state 4


state 3

    1 object: LBRACE TXT . RBRACE

    RBRACE  shift, and go to state 5


state 4

    0 $accept: object $end .

    $default  accept


state 5

    1 object: LBRACE TXT RBRACE .

    $default  reduce using rule 1 (object)
